2015/01/06 16:54:28 [error] [exception.CException] exception 'CException' with message 'Property "LoginForm.usernameee" is not defined.' in C:\wamp\www\superbike\yii1\framework\base\CComponent.php:130
Stack trace:
#0 C:\wamp\www\superbike\yii1\framework\web\helpers\CHtml.php(2529): CComponent->__get('usernameee')
#1 C:\wamp\www\superbike\yii1\framework\web\helpers\CHtml.php(2252): CHtml::resolveValue(Object(LoginForm), 'usernameee')
#2 C:\wamp\www\superbike\yii1\framework\web\helpers\CHtml.php(1434): CHtml::activeInputField('text', Object(LoginForm), 'usernameee', Array)
#3 C:\wamp\www\superbike\yii1\framework\web\widgets\CActiveForm.php(725): CHtml::activeTextField(Object(LoginForm), 'usernameee', Array)
#4 C:\wamp\www\superbike\protected\views\site\login.php(29): CActiveForm->textField(Object(LoginForm), 'usernameee')
#5 C:\wamp\www\superbike\yii1\framework\web\CBaseController.php(126): require('C:\wamp\www\sup...')
#6 C:\wamp\www\superbike\yii1\framework\web\CBaseController.php(95): CBaseController->renderInternal('C:\wamp\www\sup...', Array, true)
#7 C:\wamp\www\superbike\yii1\framework\web\CController.php(869): CBaseController->renderFile('C:\wamp\www\sup...', Array, true)
#8 C:\wamp\www\superbike\yii1\framework\web\CController.php(782): CController->renderPartial('login', Array, true)
#9 C:\wamp\www\superbike\protected\controllers\SiteController.php(98): CController->render('login', Array)
#10 C:\wamp\www\superbike\yii1\framework\web\actions\CInlineAction.php(49): SiteController->actionLogin()
#11 C:\wamp\www\superbike\yii1\framework\web\CController.php(308): CInlineAction->runWithParams(Array)
#12 C:\wamp\www\superbike\yii1\framework\web\CController.php(286): CController->runAction(Object(CInlineAction))
#13 C:\wamp\www\superbike\yii1\framework\web\CController.php(265): CController->runActionWithFilters(Object(CInlineAction), Array)
#14 C:\wamp\www\superbike\yii1\framework\web\CWebApplication.php(282): CController->run('login')
#15 C:\wamp\www\superbike\yii1\framework\web\CWebApplication.php(141): CWebApplication->runController('site/login')
#16 C:\wamp\www\superbike\yii1\framework\base\CApplication.php(180): CWebApplication->processRequest()
#17 C:\wamp\www\superbike\index.php(13): CApplication->run()
#18 {main}
REQUEST_URI=/superbike/index.php?r=site/login
---
2015/01/06 16:55:21 [error] [exception.CException] exception 'CException' with message 'Property "LoginForm.Recordarme" is not defined.' in C:\wamp\www\superbike\yii1\framework\base\CComponent.php:130
Stack trace:
#0 C:\wamp\www\superbike\yii1\framework\web\helpers\CHtml.php(2529): CComponent->__get('Recordarme')
#1 C:\wamp\www\superbike\yii1\framework\web\helpers\CHtml.php(1743): CHtml::resolveValue(Object(LoginForm), 'Recordarme')
#2 C:\wamp\www\superbike\yii1\framework\web\widgets\CActiveForm.php(831): CHtml::activeCheckBox(Object(LoginForm), 'Recordarme', Array)
#3 C:\wamp\www\superbike\protected\views\site\login.php(43): CActiveForm->checkBox(Object(LoginForm), 'Recordarme')
#4 C:\wamp\www\superbike\yii1\framework\web\CBaseController.php(126): require('C:\wamp\www\sup...')
#5 C:\wamp\www\superbike\yii1\framework\web\CBaseController.php(95): CBaseController->renderInternal('C:\wamp\www\sup...', Array, true)
#6 C:\wamp\www\superbike\yii1\framework\web\CController.php(869): CBaseController->renderFile('C:\wamp\www\sup...', Array, true)
#7 C:\wamp\www\superbike\yii1\framework\web\CController.php(782): CController->renderPartial('login', Array, true)
#8 C:\wamp\www\superbike\protected\controllers\SiteController.php(98): CController->render('login', Array)
#9 C:\wamp\www\superbike\yii1\framework\web\actions\CInlineAction.php(49): SiteController->actionLogin()
#10 C:\wamp\www\superbike\yii1\framework\web\CController.php(308): CInlineAction->runWithParams(Array)
#11 C:\wamp\www\superbike\yii1\framework\web\CController.php(286): CController->runAction(Object(CInlineAction))
#12 C:\wamp\www\superbike\yii1\framework\web\CController.php(265): CController->runActionWithFilters(Object(CInlineAction), Array)
#13 C:\wamp\www\superbike\yii1\framework\web\CWebApplication.php(282): CController->run('login')
#14 C:\wamp\www\superbike\yii1\framework\web\CWebApplication.php(141): CWebApplication->runController('site/login')
#15 C:\wamp\www\superbike\yii1\framework\base\CApplication.php(180): CWebApplication->processRequest()
#16 C:\wamp\www\superbike\index.php(13): CApplication->run()
#17 {main}
REQUEST_URI=/superbike/index.php?r=site/login
---
2015/01/31 02:22:47 [error] [exception.CException] exception 'CException' with message 'El atributo debe especificarse en el formato "Nombre:Tipo:Etiqueta", donde "Tipo" y "Etiqueta" son opcionales.' in C:\wamp\www\superbike\yii1\framework\zii\widgets\CDetailView.php:183
Stack trace:
#0 C:\wamp\www\superbike\yii1\framework\web\CBaseController.php(173): CDetailView->run()
#1 C:\wamp\www\superbike\protected\views\localidad\view.php(30): CBaseController->widget('zii.widgets.CDe...', Array)
#2 C:\wamp\www\superbike\yii1\framework\web\CBaseController.php(126): require('C:\wamp\www\sup...')
#3 C:\wamp\www\superbike\yii1\framework\web\CBaseController.php(95): CBaseController->renderInternal('C:\wamp\www\sup...', Array, true)
#4 C:\wamp\www\superbike\yii1\framework\web\CController.php(869): CBaseController->renderFile('C:\wamp\www\sup...', Array, true)
#5 C:\wamp\www\superbike\yii1\framework\web\CController.php(782): CController->renderPartial('view', Array, true)
#6 C:\wamp\www\superbike\protected\controllers\LocalidadController.php(56): CController->render('view', Array)
#7 [internal function]: LocalidadController->actionView('1')
#8 C:\wamp\www\superbike\yii1\framework\web\actions\CAction.php(108): ReflectionMethod->invokeArgs(Object(LocalidadController), Array)
#9 C:\wamp\www\superbike\yii1\framework\web\actions\CInlineAction.php(47): CAction->runWithParamsInternal(Object(LocalidadController), Object(ReflectionMethod), Array)
#10 C:\wamp\www\superbike\yii1\framework\web\CController.php(308): CInlineAction->runWithParams(Array)
#11 C:\wamp\www\superbike\yii1\framework\web\filters\CFilterChain.php(133): CController->runAction(Object(CInlineAction))
#12 C:\wamp\www\superbike\yii1\framework\web\filters\CFilter.php(40): CFilterChain->run()
#13 C:\wamp\www\superbike\yii1\framework\web\CController.php(1145): CFilter->filter(Object(CFilterChain))
#14 C:\wamp\www\superbike\yii1\framework\web\filters\CInlineFilter.php(58): CController->filterAccessControl(Object(CFilterChain))
#15 C:\wamp\www\superbike\yii1\framework\web\filters\CFilterChain.php(130): CInlineFilter->filter(Object(CFilterChain))
#16 C:\wamp\www\superbike\yii1\framework\web\CController.php(291): CFilterChain->run()
#17 C:\wamp\www\superbike\yii1\framework\web\CController.php(265): CController->runActionWithFilters(Object(CInlineAction), Array)
#18 C:\wamp\www\superbike\yii1\framework\web\CWebApplication.php(282): CController->run('view')
#19 C:\wamp\www\superbike\yii1\framework\web\CWebApplication.php(141): CWebApplication->runController('localidad/view')
#20 C:\wamp\www\superbike\yii1\framework\base\CApplication.php(180): CWebApplication->processRequest()
#21 C:\wamp\www\superbike\index.php(13): CApplication->run()
#22 {main}
REQUEST_URI=/superbike/index.php?r=localidad/view&id=1
HTTP_REFERER=http://localhost/superbike/index.php?r=localidad/create
---
2015/01/31 02:27:20 [warning] [application] Error al establecer unsafe al atributo "loc_caracteristicas" de "Localidad".
in C:\wamp\www\superbike\protected\controllers\LocalidadController.php (72)
in C:\wamp\www\superbike\index.php (13)
2015/01/31 02:27:20 [warning] [application] Error al establecer unsafe al atributo "loc_atractivos" de "Localidad".
in C:\wamp\www\superbike\protected\controllers\LocalidadController.php (72)
in C:\wamp\www\superbike\index.php (13)
2015/01/31 02:27:20 [error] [exception.CException] exception 'CException' with message 'El atributo debe especificarse en el formato "Nombre:Tipo:Etiqueta", donde "Tipo" y "Etiqueta" son opcionales.' in C:\wamp\www\superbike\yii1\framework\zii\widgets\CDetailView.php:183
Stack trace:
#0 C:\wamp\www\superbike\yii1\framework\web\CBaseController.php(173): CDetailView->run()
#1 C:\wamp\www\superbike\protected\views\localidad\view.php(30): CBaseController->widget('zii.widgets.CDe...', Array)
#2 C:\wamp\www\superbike\yii1\framework\web\CBaseController.php(126): require('C:\wamp\www\sup...')
#3 C:\wamp\www\superbike\yii1\framework\web\CBaseController.php(95): CBaseController->renderInternal('C:\wamp\www\sup...', Array, true)
#4 C:\wamp\www\superbike\yii1\framework\web\CController.php(869): CBaseController->renderFile('C:\wamp\www\sup...', Array, true)
#5 C:\wamp\www\superbike\yii1\framework\web\CController.php(782): CController->renderPartial('view', Array, true)
#6 C:\wamp\www\superbike\protected\controllers\LocalidadController.php(56): CController->render('view', Array)
#7 [internal function]: LocalidadController->actionView('2')
#8 C:\wamp\www\superbike\yii1\framework\web\actions\CAction.php(108): ReflectionMethod->invokeArgs(Object(LocalidadController), Array)
#9 C:\wamp\www\superbike\yii1\framework\web\actions\CInlineAction.php(47): CAction->runWithParamsInternal(Object(LocalidadController), Object(ReflectionMethod), Array)
#10 C:\wamp\www\superbike\yii1\framework\web\CController.php(308): CInlineAction->runWithParams(Array)
#11 C:\wamp\www\superbike\yii1\framework\web\filters\CFilterChain.php(133): CController->runAction(Object(CInlineAction))
#12 C:\wamp\www\superbike\yii1\framework\web\filters\CFilter.php(40): CFilterChain->run()
#13 C:\wamp\www\superbike\yii1\framework\web\CController.php(1145): CFilter->filter(Object(CFilterChain))
#14 C:\wamp\www\superbike\yii1\framework\web\filters\CInlineFilter.php(58): CController->filterAccessControl(Object(CFilterChain))
#15 C:\wamp\www\superbike\yii1\framework\web\filters\CFilterChain.php(130): CInlineFilter->filter(Object(CFilterChain))
#16 C:\wamp\www\superbike\yii1\framework\web\CController.php(291): CFilterChain->run()
#17 C:\wamp\www\superbike\yii1\framework\web\CController.php(265): CController->runActionWithFilters(Object(CInlineAction), Array)
#18 C:\wamp\www\superbike\yii1\framework\web\CWebApplication.php(282): CController->run('view')
#19 C:\wamp\www\superbike\yii1\framework\web\CWebApplication.php(141): CWebApplication->runController('localidad/view')
#20 C:\wamp\www\superbike\yii1\framework\base\CApplication.php(180): CWebApplication->processRequest()
#21 C:\wamp\www\superbike\index.php(13): CApplication->run()
#22 {main}
REQUEST_URI=/superbike/index.php?r=localidad/view&id=2
HTTP_REFERER=http://localhost/superbike/index.php?r=localidad/create
---
2015/01/31 02:34:20 [error] [exception.CHttpException.404] exception 'CHttpException' with message 'No es posible resolver la solicitud "orden_compra/create"' in C:\wamp\www\superbike\yii1\framework\web\CWebApplication.php:286
Stack trace:
#0 C:\wamp\www\superbike\yii1\framework\web\CWebApplication.php(141): CWebApplication->runController('orden_compra/cr...')
#1 C:\wamp\www\superbike\yii1\framework\base\CApplication.php(180): CWebApplication->processRequest()
#2 C:\wamp\www\superbike\index.php(13): CApplication->run()
#3 {main}
REQUEST_URI=/superbike/index.php?r=orden_compra/create
HTTP_REFERER=http://localhost/superbike/index.php?r=localidad/index
---
2015/01/31 02:34:28 [error] [exception.CHttpException.404] exception 'CHttpException' with message 'No es posible resolver la solicitud "orden_arriendo/create"' in C:\wamp\www\superbike\yii1\framework\web\CWebApplication.php:286
Stack trace:
#0 C:\wamp\www\superbike\yii1\framework\web\CWebApplication.php(141): CWebApplication->runController('orden_arriendo/...')
#1 C:\wamp\www\superbike\yii1\framework\base\CApplication.php(180): CWebApplication->processRequest()
#2 C:\wamp\www\superbike\index.php(13): CApplication->run()
#3 {main}
REQUEST_URI=/superbike/index.php?r=orden_arriendo/create
HTTP_REFERER=http://localhost/superbike/index.php?r=orden_compra/create
---
2015/01/31 02:34:55 [error] [exception.CHttpException.404] exception 'CHttpException' with message 'No es posible resolver la solicitud "orden_arriendo/create"' in C:\wamp\www\superbike\yii1\framework\web\CWebApplication.php:286
Stack trace:
#0 C:\wamp\www\superbike\yii1\framework\web\CWebApplication.php(141): CWebApplication->runController('orden_arriendo/...')
#1 C:\wamp\www\superbike\yii1\framework\base\CApplication.php(180): CWebApplication->processRequest()
#2 C:\wamp\www\superbike\index.php(13): CApplication->run()
#3 {main}
REQUEST_URI=/superbike/index.php?r=orden_arriendo/create
HTTP_REFERER=http://localhost/superbike/index.php?r=orden_compra/create
---
2015/01/31 15:19:21 [error] [exception.CException] exception 'CException' with message 'La propiedad "Turista"."fecha" no se encuentra definida.' in C:\wamp\www\superbike\yii1\framework\base\CComponent.php:130
Stack trace:
#0 C:\wamp\www\superbike\yii1\framework\db\ar\CActiveRecord.php(145): CComponent->__get('fecha')
#1 C:\wamp\www\superbike\protected\views\partials\fecha.php(3): CActiveRecord->__get('fecha')
#2 C:\wamp\www\superbike\yii1\framework\web\CBaseController.php(126): require('C:\wamp\www\sup...')
#3 C:\wamp\www\superbike\yii1\framework\web\CBaseController.php(95): CBaseController->renderInternal('C:\wamp\www\sup...', Array, true)
#4 C:\wamp\www\superbike\yii1\framework\web\CController.php(869): CBaseController->renderFile('C:\wamp\www\sup...', Array, true)
#5 C:\wamp\www\superbike\protected\views\turista\_form.php(53): CController->renderPartial('application.vie...', Array)
#6 C:\wamp\www\superbike\yii1\framework\web\CBaseController.php(126): require('C:\wamp\www\sup...')
#7 C:\wamp\www\superbike\yii1\framework\web\CBaseController.php(95): CBaseController->renderInternal('C:\wamp\www\sup...', Array, true)
#8 C:\wamp\www\superbike\yii1\framework\web\CController.php(869): CBaseController->renderFile('C:\wamp\www\sup...', Array, true)
#9 C:\wamp\www\superbike\protected\views\turista\create.php(18): CController->renderPartial('_form', Array)
#10 C:\wamp\www\superbike\yii1\framework\web\CBaseController.php(126): require('C:\wamp\www\sup...')
#11 C:\wamp\www\superbike\yii1\framework\web\CBaseController.php(95): CBaseController->renderInternal('C:\wamp\www\sup...', Array, true)
#12 C:\wamp\www\superbike\yii1\framework\web\CController.php(869): CBaseController->renderFile('C:\wamp\www\sup...', Array, true)
#13 C:\wamp\www\superbike\yii1\framework\web\CController.php(782): CController->renderPartial('create', Array, true)
#14 C:\wamp\www\superbike\protected\controllers\TuristaController.php(79): CController->render('create', Array)
#15 C:\wamp\www\superbike\yii1\framework\web\actions\CInlineAction.php(49): TuristaController->actionCreate()
#16 C:\wamp\www\superbike\yii1\framework\web\CController.php(308): CInlineAction->runWithParams(Array)
#17 C:\wamp\www\superbike\yii1\framework\web\filters\CFilterChain.php(133): CController->runAction(Object(CInlineAction))
#18 C:\wamp\www\superbike\yii1\framework\web\filters\CFilter.php(40): CFilterChain->run()
#19 C:\wamp\www\superbike\yii1\framework\web\CController.php(1145): CFilter->filter(Object(CFilterChain))
#20 C:\wamp\www\superbike\yii1\framework\web\filters\CInlineFilter.php(58): CController->filterAccessControl(Object(CFilterChain))
#21 C:\wamp\www\superbike\yii1\framework\web\filters\CFilterChain.php(130): CInlineFilter->filter(Object(CFilterChain))
#22 C:\wamp\www\superbike\yii1\framework\web\CController.php(291): CFilterChain->run()
#23 C:\wamp\www\superbike\yii1\framework\web\CController.php(265): CController->runActionWithFilters(Object(CInlineAction), Array)
#24 C:\wamp\www\superbike\yii1\framework\web\CWebApplication.php(282): CController->run('create')
#25 C:\wamp\www\superbike\yii1\framework\web\CWebApplication.php(141): CWebApplication->runController('turista/create')
#26 C:\wamp\www\superbike\yii1\framework\base\CApplication.php(180): CWebApplication->processRequest()
#27 C:\wamp\www\superbike\index.php(13): CApplication->run()
#28 {main}
REQUEST_URI=/superbike/index.php?r=turista/create
HTTP_REFERER=http://localhost/superbike/index.php?r=turista/index
---
2015/01/31 15:29:41 [error] [exception.CException] exception 'CException' with message 'La propiedad "Turista"."fecha" no se encuentra definida.' in C:\wamp\www\superbike\yii1\framework\base\CComponent.php:130
Stack trace:
#0 C:\wamp\www\superbike\yii1\framework\db\ar\CActiveRecord.php(145): CComponent->__get('fecha')
#1 C:\wamp\www\superbike\protected\views\partials\fecha.php(15): CActiveRecord->__get('fecha')
#2 C:\wamp\www\superbike\yii1\framework\web\CBaseController.php(126): require('C:\wamp\www\sup...')
#3 C:\wamp\www\superbike\yii1\framework\web\CBaseController.php(95): CBaseController->renderInternal('C:\wamp\www\sup...', Array, true)
#4 C:\wamp\www\superbike\yii1\framework\web\CController.php(869): CBaseController->renderFile('C:\wamp\www\sup...', Array, true)
#5 C:\wamp\www\superbike\protected\views\turista\_form.php(53): CController->renderPartial('application.vie...', Array)
#6 C:\wamp\www\superbike\yii1\framework\web\CBaseController.php(126): require('C:\wamp\www\sup...')
#7 C:\wamp\www\superbike\yii1\framework\web\CBaseController.php(95): CBaseController->renderInternal('C:\wamp\www\sup...', Array, true)
#8 C:\wamp\www\superbike\yii1\framework\web\CController.php(869): CBaseController->renderFile('C:\wamp\www\sup...', Array, true)
#9 C:\wamp\www\superbike\protected\views\turista\create.php(18): CController->renderPartial('_form', Array)
#10 C:\wamp\www\superbike\yii1\framework\web\CBaseController.php(126): require('C:\wamp\www\sup...')
#11 C:\wamp\www\superbike\yii1\framework\web\CBaseController.php(95): CBaseController->renderInternal('C:\wamp\www\sup...', Array, true)
#12 C:\wamp\www\superbike\yii1\framework\web\CController.php(869): CBaseController->renderFile('C:\wamp\www\sup...', Array, true)
#13 C:\wamp\www\superbike\yii1\framework\web\CController.php(782): CController->renderPartial('create', Array, true)
#14 C:\wamp\www\superbike\protected\controllers\TuristaController.php(79): CController->render('create', Array)
#15 C:\wamp\www\superbike\yii1\framework\web\actions\CInlineAction.php(49): TuristaController->actionCreate()
#16 C:\wamp\www\superbike\yii1\framework\web\CController.php(308): CInlineAction->runWithParams(Array)
#17 C:\wamp\www\superbike\yii1\framework\web\filters\CFilterChain.php(133): CController->runAction(Object(CInlineAction))
#18 C:\wamp\www\superbike\yii1\framework\web\filters\CFilter.php(40): CFilterChain->run()
#19 C:\wamp\www\superbike\yii1\framework\web\CController.php(1145): CFilter->filter(Object(CFilterChain))
#20 C:\wamp\www\superbike\yii1\framework\web\filters\CInlineFilter.php(58): CController->filterAccessControl(Object(CFilterChain))
#21 C:\wamp\www\superbike\yii1\framework\web\filters\CFilterChain.php(130): CInlineFilter->filter(Object(CFilterChain))
#22 C:\wamp\www\superbike\yii1\framework\web\CController.php(291): CFilterChain->run()
#23 C:\wamp\www\superbike\yii1\framework\web\CController.php(265): CController->runActionWithFilters(Object(CInlineAction), Array)
#24 C:\wamp\www\superbike\yii1\framework\web\CWebApplication.php(282): CController->run('create')
#25 C:\wamp\www\superbike\yii1\framework\web\CWebApplication.php(141): CWebApplication->runController('turista/create')
#26 C:\wamp\www\superbike\yii1\framework\base\CApplication.php(180): CWebApplication->processRequest()
#27 C:\wamp\www\superbike\index.php(13): CApplication->run()
#28 {main}
REQUEST_URI=/superbike/index.php?r=turista/create
HTTP_REFERER=http://localhost/superbike/index.php?r=turista/index
---
2015/01/31 16:51:30 [error] [php] include(../partials/calendar.php): failed to open stream: No such file or directory (C:\wamp\www\superbike\protected\views\turista\_form.php:7)
Stack trace:
#0 C:\wamp\www\superbike\yii1\framework\web\CBaseController.php(95): TuristaController->renderInternal()
#1 C:\wamp\www\superbike\yii1\framework\web\CController.php(869): TuristaController->renderFile()
#2 C:\wamp\www\superbike\protected\views\turista\create.php(18): TuristaController->renderPartial()
#3 C:\wamp\www\superbike\yii1\framework\web\CBaseController.php(126): require()
#4 C:\wamp\www\superbike\yii1\framework\web\CBaseController.php(95): TuristaController->renderInternal()
#5 C:\wamp\www\superbike\yii1\framework\web\CController.php(869): TuristaController->renderFile()
#6 C:\wamp\www\superbike\yii1\framework\web\CController.php(782): TuristaController->renderPartial()
#7 C:\wamp\www\superbike\protected\controllers\TuristaController.php(79): TuristaController->render()
#8 C:\wamp\www\superbike\yii1\framework\web\actions\CInlineAction.php(49): TuristaController->actionCreate()
#9 C:\wamp\www\superbike\yii1\framework\web\CController.php(308): CInlineAction->runWithParams()
#10 C:\wamp\www\superbike\yii1\framework\web\filters\CFilterChain.php(133): TuristaController->runAction()
#11 C:\wamp\www\superbike\yii1\framework\web\filters\CFilter.php(40): CFilterChain->run()
#12 C:\wamp\www\superbike\yii1\framework\web\CController.php(1145): CAccessControlFilter->filter()
#13 C:\wamp\www\superbike\yii1\framework\web\filters\CInlineFilter.php(58): TuristaController->filterAccessControl()
#14 C:\wamp\www\superbike\yii1\framework\web\filters\CFilterChain.php(130): CInlineFilter->filter()
#15 C:\wamp\www\superbike\yii1\framework\web\CController.php(291): CFilterChain->run()
#16 C:\wamp\www\superbike\yii1\framework\web\CController.php(265): TuristaController->runActionWithFilters()
#17 C:\wamp\www\superbike\yii1\framework\web\CWebApplication.php(282): TuristaController->run()
#18 C:\wamp\www\superbike\yii1\framework\web\CWebApplication.php(141): CWebApplication->runController()
#19 C:\wamp\www\superbike\yii1\framework\base\CApplication.php(180): CWebApplication->processRequest()
#20 C:\wamp\www\superbike\index.php(13): CWebApplication->run()
REQUEST_URI=/superbike/index.php?r=turista/create
in C:\wamp\www\superbike\protected\views\turista\_form.php (7)
in C:\wamp\www\superbike\protected\views\turista\_form.php (7)
in C:\wamp\www\superbike\protected\views\turista\create.php (18)
2015/01/31 16:51:46 [error] [php] include(/partials/calendar.php): failed to open stream: No such file or directory (C:\wamp\www\superbike\protected\views\turista\_form.php:7)
Stack trace:
#0 C:\wamp\www\superbike\yii1\framework\web\CBaseController.php(95): TuristaController->renderInternal()
#1 C:\wamp\www\superbike\yii1\framework\web\CController.php(869): TuristaController->renderFile()
#2 C:\wamp\www\superbike\protected\views\turista\create.php(18): TuristaController->renderPartial()
#3 C:\wamp\www\superbike\yii1\framework\web\CBaseController.php(126): require()
#4 C:\wamp\www\superbike\yii1\framework\web\CBaseController.php(95): TuristaController->renderInternal()
#5 C:\wamp\www\superbike\yii1\framework\web\CController.php(869): TuristaController->renderFile()
#6 C:\wamp\www\superbike\yii1\framework\web\CController.php(782): TuristaController->renderPartial()
#7 C:\wamp\www\superbike\protected\controllers\TuristaController.php(79): TuristaController->render()
#8 C:\wamp\www\superbike\yii1\framework\web\actions\CInlineAction.php(49): TuristaController->actionCreate()
#9 C:\wamp\www\superbike\yii1\framework\web\CController.php(308): CInlineAction->runWithParams()
#10 C:\wamp\www\superbike\yii1\framework\web\filters\CFilterChain.php(133): TuristaController->runAction()
#11 C:\wamp\www\superbike\yii1\framework\web\filters\CFilter.php(40): CFilterChain->run()
#12 C:\wamp\www\superbike\yii1\framework\web\CController.php(1145): CAccessControlFilter->filter()
#13 C:\wamp\www\superbike\yii1\framework\web\filters\CInlineFilter.php(58): TuristaController->filterAccessControl()
#14 C:\wamp\www\superbike\yii1\framework\web\filters\CFilterChain.php(130): CInlineFilter->filter()
#15 C:\wamp\www\superbike\yii1\framework\web\CController.php(291): CFilterChain->run()
#16 C:\wamp\www\superbike\yii1\framework\web\CController.php(265): TuristaController->runActionWithFilters()
#17 C:\wamp\www\superbike\yii1\framework\web\CWebApplication.php(282): TuristaController->run()
#18 C:\wamp\www\superbike\yii1\framework\web\CWebApplication.php(141): CWebApplication->runController()
#19 C:\wamp\www\superbike\yii1\framework\base\CApplication.php(180): CWebApplication->processRequest()
#20 C:\wamp\www\superbike\index.php(13): CWebApplication->run()
REQUEST_URI=/superbike/index.php?r=turista/create
in C:\wamp\www\superbike\protected\views\turista\_form.php (7)
in C:\wamp\www\superbike\protected\views\turista\_form.php (7)
in C:\wamp\www\superbike\protected\views\turista\create.php (18)
2015/01/31 16:51:47 [error] [php] include(/partials/calendar.php): failed to open stream: No such file or directory (C:\wamp\www\superbike\protected\views\turista\_form.php:7)
Stack trace:
#0 C:\wamp\www\superbike\yii1\framework\web\CBaseController.php(95): TuristaController->renderInternal()
#1 C:\wamp\www\superbike\yii1\framework\web\CController.php(869): TuristaController->renderFile()
#2 C:\wamp\www\superbike\protected\views\turista\create.php(18): TuristaController->renderPartial()
#3 C:\wamp\www\superbike\yii1\framework\web\CBaseController.php(126): require()
#4 C:\wamp\www\superbike\yii1\framework\web\CBaseController.php(95): TuristaController->renderInternal()
#5 C:\wamp\www\superbike\yii1\framework\web\CController.php(869): TuristaController->renderFile()
#6 C:\wamp\www\superbike\yii1\framework\web\CController.php(782): TuristaController->renderPartial()
#7 C:\wamp\www\superbike\protected\controllers\TuristaController.php(79): TuristaController->render()
#8 C:\wamp\www\superbike\yii1\framework\web\actions\CInlineAction.php(49): TuristaController->actionCreate()
#9 C:\wamp\www\superbike\yii1\framework\web\CController.php(308): CInlineAction->runWithParams()
#10 C:\wamp\www\superbike\yii1\framework\web\filters\CFilterChain.php(133): TuristaController->runAction()
#11 C:\wamp\www\superbike\yii1\framework\web\filters\CFilter.php(40): CFilterChain->run()
#12 C:\wamp\www\superbike\yii1\framework\web\CController.php(1145): CAccessControlFilter->filter()
#13 C:\wamp\www\superbike\yii1\framework\web\filters\CInlineFilter.php(58): TuristaController->filterAccessControl()
#14 C:\wamp\www\superbike\yii1\framework\web\filters\CFilterChain.php(130): CInlineFilter->filter()
#15 C:\wamp\www\superbike\yii1\framework\web\CController.php(291): CFilterChain->run()
#16 C:\wamp\www\superbike\yii1\framework\web\CController.php(265): TuristaController->runActionWithFilters()
#17 C:\wamp\www\superbike\yii1\framework\web\CWebApplication.php(282): TuristaController->run()
#18 C:\wamp\www\superbike\yii1\framework\web\CWebApplication.php(141): CWebApplication->runController()
#19 C:\wamp\www\superbike\yii1\framework\base\CApplication.php(180): CWebApplication->processRequest()
#20 C:\wamp\www\superbike\index.php(13): CWebApplication->run()
REQUEST_URI=/superbike/index.php?r=turista/create
in C:\wamp\www\superbike\protected\views\turista\_form.php (7)
in C:\wamp\www\superbike\protected\views\turista\_form.php (7)
in C:\wamp\www\superbike\protected\views\turista\create.php (18)
2015/01/31 16:52:13 [error] [php] include(partials/calendar.php): failed to open stream: No such file or directory (C:\wamp\www\superbike\protected\views\turista\_form.php:7)
Stack trace:
#0 C:\wamp\www\superbike\yii1\framework\web\CBaseController.php(95): TuristaController->renderInternal()
#1 C:\wamp\www\superbike\yii1\framework\web\CController.php(869): TuristaController->renderFile()
#2 C:\wamp\www\superbike\protected\views\turista\create.php(18): TuristaController->renderPartial()
#3 C:\wamp\www\superbike\yii1\framework\web\CBaseController.php(126): require()
#4 C:\wamp\www\superbike\yii1\framework\web\CBaseController.php(95): TuristaController->renderInternal()
#5 C:\wamp\www\superbike\yii1\framework\web\CController.php(869): TuristaController->renderFile()
#6 C:\wamp\www\superbike\yii1\framework\web\CController.php(782): TuristaController->renderPartial()
#7 C:\wamp\www\superbike\protected\controllers\TuristaController.php(79): TuristaController->render()
#8 C:\wamp\www\superbike\yii1\framework\web\actions\CInlineAction.php(49): TuristaController->actionCreate()
#9 C:\wamp\www\superbike\yii1\framework\web\CController.php(308): CInlineAction->runWithParams()
#10 C:\wamp\www\superbike\yii1\framework\web\filters\CFilterChain.php(133): TuristaController->runAction()
#11 C:\wamp\www\superbike\yii1\framework\web\filters\CFilter.php(40): CFilterChain->run()
#12 C:\wamp\www\superbike\yii1\framework\web\CController.php(1145): CAccessControlFilter->filter()
#13 C:\wamp\www\superbike\yii1\framework\web\filters\CInlineFilter.php(58): TuristaController->filterAccessControl()
#14 C:\wamp\www\superbike\yii1\framework\web\filters\CFilterChain.php(130): CInlineFilter->filter()
#15 C:\wamp\www\superbike\yii1\framework\web\CController.php(291): CFilterChain->run()
#16 C:\wamp\www\superbike\yii1\framework\web\CController.php(265): TuristaController->runActionWithFilters()
#17 C:\wamp\www\superbike\yii1\framework\web\CWebApplication.php(282): TuristaController->run()
#18 C:\wamp\www\superbike\yii1\framework\web\CWebApplication.php(141): CWebApplication->runController()
#19 C:\wamp\www\superbike\yii1\framework\base\CApplication.php(180): CWebApplication->processRequest()
#20 C:\wamp\www\superbike\index.php(13): CWebApplication->run()
REQUEST_URI=/superbike/index.php?r=turista/create
in C:\wamp\www\superbike\protected\views\turista\_form.php (7)
in C:\wamp\www\superbike\protected\views\turista\_form.php (7)
in C:\wamp\www\superbike\protected\views\turista\create.php (18)
2015/01/31 16:53:42 [error] [exception.CException] exception 'CException' with message 'TuristaController no ha podido encontrar la vista "partials/calendar.php" solicitada.' in C:\wamp\www\superbike\yii1\framework\web\CController.php:878
Stack trace:
#0 C:\wamp\www\superbike\protected\views\turista\_form.php(8): CController->renderPartial('partials/calend...')
#1 C:\wamp\www\superbike\yii1\framework\web\CBaseController.php(126): require('C:\wamp\www\sup...')
#2 C:\wamp\www\superbike\yii1\framework\web\CBaseController.php(95): CBaseController->renderInternal('C:\wamp\www\sup...', Array, true)
#3 C:\wamp\www\superbike\yii1\framework\web\CController.php(869): CBaseController->renderFile('C:\wamp\www\sup...', Array, true)
#4 C:\wamp\www\superbike\protected\views\turista\create.php(18): CController->renderPartial('_form', Array)
#5 C:\wamp\www\superbike\yii1\framework\web\CBaseController.php(126): require('C:\wamp\www\sup...')
#6 C:\wamp\www\superbike\yii1\framework\web\CBaseController.php(95): CBaseController->renderInternal('C:\wamp\www\sup...', Array, true)
#7 C:\wamp\www\superbike\yii1\framework\web\CController.php(869): CBaseController->renderFile('C:\wamp\www\sup...', Array, true)
#8 C:\wamp\www\superbike\yii1\framework\web\CController.php(782): CController->renderPartial('create', Array, true)
#9 C:\wamp\www\superbike\protected\controllers\TuristaController.php(79): CController->render('create', Array)
#10 C:\wamp\www\superbike\yii1\framework\web\actions\CInlineAction.php(49): TuristaController->actionCreate()
#11 C:\wamp\www\superbike\yii1\framework\web\CController.php(308): CInlineAction->runWithParams(Array)
#12 C:\wamp\www\superbike\yii1\framework\web\filters\CFilterChain.php(133): CController->runAction(Object(CInlineAction))
#13 C:\wamp\www\superbike\yii1\framework\web\filters\CFilter.php(40): CFilterChain->run()
#14 C:\wamp\www\superbike\yii1\framework\web\CController.php(1145): CFilter->filter(Object(CFilterChain))
#15 C:\wamp\www\superbike\yii1\framework\web\filters\CInlineFilter.php(58): CController->filterAccessControl(Object(CFilterChain))
#16 C:\wamp\www\superbike\yii1\framework\web\filters\CFilterChain.php(130): CInlineFilter->filter(Object(CFilterChain))
#17 C:\wamp\www\superbike\yii1\framework\web\CController.php(291): CFilterChain->run()
#18 C:\wamp\www\superbike\yii1\framework\web\CController.php(265): CController->runActionWithFilters(Object(CInlineAction), Array)
#19 C:\wamp\www\superbike\yii1\framework\web\CWebApplication.php(282): CController->run('create')
#20 C:\wamp\www\superbike\yii1\framework\web\CWebApplication.php(141): CWebApplication->runController('turista/create')
#21 C:\wamp\www\superbike\yii1\framework\base\CApplication.php(180): CWebApplication->processRequest()
#22 C:\wamp\www\superbike\index.php(13): CApplication->run()
#23 {main}
REQUEST_URI=/superbike/index.php?r=turista/create
---
2015/01/31 16:53:43 [error] [exception.CException] exception 'CException' with message 'TuristaController no ha podido encontrar la vista "partials/calendar.php" solicitada.' in C:\wamp\www\superbike\yii1\framework\web\CController.php:878
Stack trace:
#0 C:\wamp\www\superbike\protected\views\turista\_form.php(8): CController->renderPartial('partials/calend...')
#1 C:\wamp\www\superbike\yii1\framework\web\CBaseController.php(126): require('C:\wamp\www\sup...')
#2 C:\wamp\www\superbike\yii1\framework\web\CBaseController.php(95): CBaseController->renderInternal('C:\wamp\www\sup...', Array, true)
#3 C:\wamp\www\superbike\yii1\framework\web\CController.php(869): CBaseController->renderFile('C:\wamp\www\sup...', Array, true)
#4 C:\wamp\www\superbike\protected\views\turista\create.php(18): CController->renderPartial('_form', Array)
#5 C:\wamp\www\superbike\yii1\framework\web\CBaseController.php(126): require('C:\wamp\www\sup...')
#6 C:\wamp\www\superbike\yii1\framework\web\CBaseController.php(95): CBaseController->renderInternal('C:\wamp\www\sup...', Array, true)
#7 C:\wamp\www\superbike\yii1\framework\web\CController.php(869): CBaseController->renderFile('C:\wamp\www\sup...', Array, true)
#8 C:\wamp\www\superbike\yii1\framework\web\CController.php(782): CController->renderPartial('create', Array, true)
#9 C:\wamp\www\superbike\protected\controllers\TuristaController.php(79): CController->render('create', Array)
#10 C:\wamp\www\superbike\yii1\framework\web\actions\CInlineAction.php(49): TuristaController->actionCreate()
#11 C:\wamp\www\superbike\yii1\framework\web\CController.php(308): CInlineAction->runWithParams(Array)
#12 C:\wamp\www\superbike\yii1\framework\web\filters\CFilterChain.php(133): CController->runAction(Object(CInlineAction))
#13 C:\wamp\www\superbike\yii1\framework\web\filters\CFilter.php(40): CFilterChain->run()
#14 C:\wamp\www\superbike\yii1\framework\web\CController.php(1145): CFilter->filter(Object(CFilterChain))
#15 C:\wamp\www\superbike\yii1\framework\web\filters\CInlineFilter.php(58): CController->filterAccessControl(Object(CFilterChain))
#16 C:\wamp\www\superbike\yii1\framework\web\filters\CFilterChain.php(130): CInlineFilter->filter(Object(CFilterChain))
#17 C:\wamp\www\superbike\yii1\framework\web\CController.php(291): CFilterChain->run()
#18 C:\wamp\www\superbike\yii1\framework\web\CController.php(265): CController->runActionWithFilters(Object(CInlineAction), Array)
#19 C:\wamp\www\superbike\yii1\framework\web\CWebApplication.php(282): CController->run('create')
#20 C:\wamp\www\superbike\yii1\framework\web\CWebApplication.php(141): CWebApplication->runController('turista/create')
#21 C:\wamp\www\superbike\yii1\framework\base\CApplication.php(180): CWebApplication->processRequest()
#22 C:\wamp\www\superbike\index.php(13): CApplication->run()
#23 {main}
REQUEST_URI=/superbike/index.php?r=turista/create
---
2015/01/31 16:53:54 [error] [exception.CException] exception 'CException' with message 'TuristaController no ha podido encontrar la vista "/partials/calendar.php" solicitada.' in C:\wamp\www\superbike\yii1\framework\web\CController.php:878
Stack trace:
#0 C:\wamp\www\superbike\protected\views\turista\_form.php(8): CController->renderPartial('/partials/calen...')
#1 C:\wamp\www\superbike\yii1\framework\web\CBaseController.php(126): require('C:\wamp\www\sup...')
#2 C:\wamp\www\superbike\yii1\framework\web\CBaseController.php(95): CBaseController->renderInternal('C:\wamp\www\sup...', Array, true)
#3 C:\wamp\www\superbike\yii1\framework\web\CController.php(869): CBaseController->renderFile('C:\wamp\www\sup...', Array, true)
#4 C:\wamp\www\superbike\protected\views\turista\create.php(18): CController->renderPartial('_form', Array)
#5 C:\wamp\www\superbike\yii1\framework\web\CBaseController.php(126): require('C:\wamp\www\sup...')
#6 C:\wamp\www\superbike\yii1\framework\web\CBaseController.php(95): CBaseController->renderInternal('C:\wamp\www\sup...', Array, true)
#7 C:\wamp\www\superbike\yii1\framework\web\CController.php(869): CBaseController->renderFile('C:\wamp\www\sup...', Array, true)
#8 C:\wamp\www\superbike\yii1\framework\web\CController.php(782): CController->renderPartial('create', Array, true)
#9 C:\wamp\www\superbike\protected\controllers\TuristaController.php(79): CController->render('create', Array)
#10 C:\wamp\www\superbike\yii1\framework\web\actions\CInlineAction.php(49): TuristaController->actionCreate()
#11 C:\wamp\www\superbike\yii1\framework\web\CController.php(308): CInlineAction->runWithParams(Array)
#12 C:\wamp\www\superbike\yii1\framework\web\filters\CFilterChain.php(133): CController->runAction(Object(CInlineAction))
#13 C:\wamp\www\superbike\yii1\framework\web\filters\CFilter.php(40): CFilterChain->run()
#14 C:\wamp\www\superbike\yii1\framework\web\CController.php(1145): CFilter->filter(Object(CFilterChain))
#15 C:\wamp\www\superbike\yii1\framework\web\filters\CInlineFilter.php(58): CController->filterAccessControl(Object(CFilterChain))
#16 C:\wamp\www\superbike\yii1\framework\web\filters\CFilterChain.php(130): CInlineFilter->filter(Object(CFilterChain))
#17 C:\wamp\www\superbike\yii1\framework\web\CController.php(291): CFilterChain->run()
#18 C:\wamp\www\superbike\yii1\framework\web\CController.php(265): CController->runActionWithFilters(Object(CInlineAction), Array)
#19 C:\wamp\www\superbike\yii1\framework\web\CWebApplication.php(282): CController->run('create')
#20 C:\wamp\www\superbike\yii1\framework\web\CWebApplication.php(141): CWebApplication->runController('turista/create')
#21 C:\wamp\www\superbike\yii1\framework\base\CApplication.php(180): CWebApplication->processRequest()
#22 C:\wamp\www\superbike\index.php(13): CApplication->run()
#23 {main}
REQUEST_URI=/superbike/index.php?r=turista/create
---
2015/01/31 16:54:02 [error] [exception.CException] exception 'CException' with message 'TuristaController no ha podido encontrar la vista "../partials/calendar.php" solicitada.' in C:\wamp\www\superbike\yii1\framework\web\CController.php:878
Stack trace:
#0 C:\wamp\www\superbike\protected\views\turista\_form.php(8): CController->renderPartial('../partials/cal...')
#1 C:\wamp\www\superbike\yii1\framework\web\CBaseController.php(126): require('C:\wamp\www\sup...')
#2 C:\wamp\www\superbike\yii1\framework\web\CBaseController.php(95): CBaseController->renderInternal('C:\wamp\www\sup...', Array, true)
#3 C:\wamp\www\superbike\yii1\framework\web\CController.php(869): CBaseController->renderFile('C:\wamp\www\sup...', Array, true)
#4 C:\wamp\www\superbike\protected\views\turista\create.php(18): CController->renderPartial('_form', Array)
#5 C:\wamp\www\superbike\yii1\framework\web\CBaseController.php(126): require('C:\wamp\www\sup...')
#6 C:\wamp\www\superbike\yii1\framework\web\CBaseController.php(95): CBaseController->renderInternal('C:\wamp\www\sup...', Array, true)
#7 C:\wamp\www\superbike\yii1\framework\web\CController.php(869): CBaseController->renderFile('C:\wamp\www\sup...', Array, true)
#8 C:\wamp\www\superbike\yii1\framework\web\CController.php(782): CController->renderPartial('create', Array, true)
#9 C:\wamp\www\superbike\protected\controllers\TuristaController.php(79): CController->render('create', Array)
#10 C:\wamp\www\superbike\yii1\framework\web\actions\CInlineAction.php(49): TuristaController->actionCreate()
#11 C:\wamp\www\superbike\yii1\framework\web\CController.php(308): CInlineAction->runWithParams(Array)
#12 C:\wamp\www\superbike\yii1\framework\web\filters\CFilterChain.php(133): CController->runAction(Object(CInlineAction))
#13 C:\wamp\www\superbike\yii1\framework\web\filters\CFilter.php(40): CFilterChain->run()
#14 C:\wamp\www\superbike\yii1\framework\web\CController.php(1145): CFilter->filter(Object(CFilterChain))
#15 C:\wamp\www\superbike\yii1\framework\web\filters\CInlineFilter.php(58): CController->filterAccessControl(Object(CFilterChain))
#16 C:\wamp\www\superbike\yii1\framework\web\filters\CFilterChain.php(130): CInlineFilter->filter(Object(CFilterChain))
#17 C:\wamp\www\superbike\yii1\framework\web\CController.php(291): CFilterChain->run()
#18 C:\wamp\www\superbike\yii1\framework\web\CController.php(265): CController->runActionWithFilters(Object(CInlineAction), Array)
#19 C:\wamp\www\superbike\yii1\framework\web\CWebApplication.php(282): CController->run('create')
#20 C:\wamp\www\superbike\yii1\framework\web\CWebApplication.php(141): CWebApplication->runController('turista/create')
#21 C:\wamp\www\superbike\yii1\framework\base\CApplication.php(180): CWebApplication->processRequest()
#22 C:\wamp\www\superbike\index.php(13): CApplication->run()
#23 {main}
REQUEST_URI=/superbike/index.php?r=turista/create
---
2015/01/31 16:54:42 [error] [php] include(superbike/protected/view/partials/calendar.php): failed to open stream: No such file or directory (C:\wamp\www\superbike\protected\views\turista\_form.php:7)
Stack trace:
#0 C:\wamp\www\superbike\yii1\framework\web\CBaseController.php(95): TuristaController->renderInternal()
#1 C:\wamp\www\superbike\yii1\framework\web\CController.php(869): TuristaController->renderFile()
#2 C:\wamp\www\superbike\protected\views\turista\create.php(18): TuristaController->renderPartial()
#3 C:\wamp\www\superbike\yii1\framework\web\CBaseController.php(126): require()
#4 C:\wamp\www\superbike\yii1\framework\web\CBaseController.php(95): TuristaController->renderInternal()
#5 C:\wamp\www\superbike\yii1\framework\web\CController.php(869): TuristaController->renderFile()
#6 C:\wamp\www\superbike\yii1\framework\web\CController.php(782): TuristaController->renderPartial()
#7 C:\wamp\www\superbike\protected\controllers\TuristaController.php(79): TuristaController->render()
#8 C:\wamp\www\superbike\yii1\framework\web\actions\CInlineAction.php(49): TuristaController->actionCreate()
#9 C:\wamp\www\superbike\yii1\framework\web\CController.php(308): CInlineAction->runWithParams()
#10 C:\wamp\www\superbike\yii1\framework\web\filters\CFilterChain.php(133): TuristaController->runAction()
#11 C:\wamp\www\superbike\yii1\framework\web\filters\CFilter.php(40): CFilterChain->run()
#12 C:\wamp\www\superbike\yii1\framework\web\CController.php(1145): CAccessControlFilter->filter()
#13 C:\wamp\www\superbike\yii1\framework\web\filters\CInlineFilter.php(58): TuristaController->filterAccessControl()
#14 C:\wamp\www\superbike\yii1\framework\web\filters\CFilterChain.php(130): CInlineFilter->filter()
#15 C:\wamp\www\superbike\yii1\framework\web\CController.php(291): CFilterChain->run()
#16 C:\wamp\www\superbike\yii1\framework\web\CController.php(265): TuristaController->runActionWithFilters()
#17 C:\wamp\www\superbike\yii1\framework\web\CWebApplication.php(282): TuristaController->run()
#18 C:\wamp\www\superbike\yii1\framework\web\CWebApplication.php(141): CWebApplication->runController()
#19 C:\wamp\www\superbike\yii1\framework\base\CApplication.php(180): CWebApplication->processRequest()
#20 C:\wamp\www\superbike\index.php(13): CWebApplication->run()
REQUEST_URI=/superbike/index.php?r=turista/create
in C:\wamp\www\superbike\protected\views\turista\_form.php (7)
in C:\wamp\www\superbike\protected\views\turista\_form.php (7)
in C:\wamp\www\superbike\protected\views\turista\create.php (18)
2015/01/31 16:54:43 [error] [php] include(superbike/protected/view/partials/calendar.php): failed to open stream: No such file or directory (C:\wamp\www\superbike\protected\views\turista\_form.php:7)
Stack trace:
#0 C:\wamp\www\superbike\yii1\framework\web\CBaseController.php(95): TuristaController->renderInternal()
#1 C:\wamp\www\superbike\yii1\framework\web\CController.php(869): TuristaController->renderFile()
#2 C:\wamp\www\superbike\protected\views\turista\create.php(18): TuristaController->renderPartial()
#3 C:\wamp\www\superbike\yii1\framework\web\CBaseController.php(126): require()
#4 C:\wamp\www\superbike\yii1\framework\web\CBaseController.php(95): TuristaController->renderInternal()
#5 C:\wamp\www\superbike\yii1\framework\web\CController.php(869): TuristaController->renderFile()
#6 C:\wamp\www\superbike\yii1\framework\web\CController.php(782): TuristaController->renderPartial()
#7 C:\wamp\www\superbike\protected\controllers\TuristaController.php(79): TuristaController->render()
#8 C:\wamp\www\superbike\yii1\framework\web\actions\CInlineAction.php(49): TuristaController->actionCreate()
#9 C:\wamp\www\superbike\yii1\framework\web\CController.php(308): CInlineAction->runWithParams()
#10 C:\wamp\www\superbike\yii1\framework\web\filters\CFilterChain.php(133): TuristaController->runAction()
#11 C:\wamp\www\superbike\yii1\framework\web\filters\CFilter.php(40): CFilterChain->run()
#12 C:\wamp\www\superbike\yii1\framework\web\CController.php(1145): CAccessControlFilter->filter()
#13 C:\wamp\www\superbike\yii1\framework\web\filters\CInlineFilter.php(58): TuristaController->filterAccessControl()
#14 C:\wamp\www\superbike\yii1\framework\web\filters\CFilterChain.php(130): CInlineFilter->filter()
#15 C:\wamp\www\superbike\yii1\framework\web\CController.php(291): CFilterChain->run()
#16 C:\wamp\www\superbike\yii1\framework\web\CController.php(265): TuristaController->runActionWithFilters()
#17 C:\wamp\www\superbike\yii1\framework\web\CWebApplication.php(282): TuristaController->run()
#18 C:\wamp\www\superbike\yii1\framework\web\CWebApplication.php(141): CWebApplication->runController()
#19 C:\wamp\www\superbike\yii1\framework\base\CApplication.php(180): CWebApplication->processRequest()
#20 C:\wamp\www\superbike\index.php(13): CWebApplication->run()
REQUEST_URI=/superbike/index.php?r=turista/create
in C:\wamp\www\superbike\protected\views\turista\_form.php (7)
in C:\wamp\www\superbike\protected\views\turista\_form.php (7)
in C:\wamp\www\superbike\protected\views\turista\create.php (18)
2015/01/31 16:55:18 [error] [php] include(superbike/protected/views/partials/calendar.php): failed to open stream: No such file or directory (C:\wamp\www\superbike\protected\views\turista\_form.php:7)
Stack trace:
#0 C:\wamp\www\superbike\yii1\framework\web\CBaseController.php(95): TuristaController->renderInternal()
#1 C:\wamp\www\superbike\yii1\framework\web\CController.php(869): TuristaController->renderFile()
#2 C:\wamp\www\superbike\protected\views\turista\create.php(18): TuristaController->renderPartial()
#3 C:\wamp\www\superbike\yii1\framework\web\CBaseController.php(126): require()
#4 C:\wamp\www\superbike\yii1\framework\web\CBaseController.php(95): TuristaController->renderInternal()
#5 C:\wamp\www\superbike\yii1\framework\web\CController.php(869): TuristaController->renderFile()
#6 C:\wamp\www\superbike\yii1\framework\web\CController.php(782): TuristaController->renderPartial()
#7 C:\wamp\www\superbike\protected\controllers\TuristaController.php(79): TuristaController->render()
#8 C:\wamp\www\superbike\yii1\framework\web\actions\CInlineAction.php(49): TuristaController->actionCreate()
#9 C:\wamp\www\superbike\yii1\framework\web\CController.php(308): CInlineAction->runWithParams()
#10 C:\wamp\www\superbike\yii1\framework\web\filters\CFilterChain.php(133): TuristaController->runAction()
#11 C:\wamp\www\superbike\yii1\framework\web\filters\CFilter.php(40): CFilterChain->run()
#12 C:\wamp\www\superbike\yii1\framework\web\CController.php(1145): CAccessControlFilter->filter()
#13 C:\wamp\www\superbike\yii1\framework\web\filters\CInlineFilter.php(58): TuristaController->filterAccessControl()
#14 C:\wamp\www\superbike\yii1\framework\web\filters\CFilterChain.php(130): CInlineFilter->filter()
#15 C:\wamp\www\superbike\yii1\framework\web\CController.php(291): CFilterChain->run()
#16 C:\wamp\www\superbike\yii1\framework\web\CController.php(265): TuristaController->runActionWithFilters()
#17 C:\wamp\www\superbike\yii1\framework\web\CWebApplication.php(282): TuristaController->run()
#18 C:\wamp\www\superbike\yii1\framework\web\CWebApplication.php(141): CWebApplication->runController()
#19 C:\wamp\www\superbike\yii1\framework\base\CApplication.php(180): CWebApplication->processRequest()
#20 C:\wamp\www\superbike\index.php(13): CWebApplication->run()
REQUEST_URI=/superbike/index.php?r=turista/create
in C:\wamp\www\superbike\protected\views\turista\_form.php (7)
in C:\wamp\www\superbike\protected\views\turista\_form.php (7)
in C:\wamp\www\superbike\protected\views\turista\create.php (18)
2015/01/31 16:55:19 [error] [php] include(superbike/protected/views/partials/calendar.php): failed to open stream: No such file or directory (C:\wamp\www\superbike\protected\views\turista\_form.php:7)
Stack trace:
#0 C:\wamp\www\superbike\yii1\framework\web\CBaseController.php(95): TuristaController->renderInternal()
#1 C:\wamp\www\superbike\yii1\framework\web\CController.php(869): TuristaController->renderFile()
#2 C:\wamp\www\superbike\protected\views\turista\create.php(18): TuristaController->renderPartial()
#3 C:\wamp\www\superbike\yii1\framework\web\CBaseController.php(126): require()
#4 C:\wamp\www\superbike\yii1\framework\web\CBaseController.php(95): TuristaController->renderInternal()
#5 C:\wamp\www\superbike\yii1\framework\web\CController.php(869): TuristaController->renderFile()
#6 C:\wamp\www\superbike\yii1\framework\web\CController.php(782): TuristaController->renderPartial()
#7 C:\wamp\www\superbike\protected\controllers\TuristaController.php(79): TuristaController->render()
#8 C:\wamp\www\superbike\yii1\framework\web\actions\CInlineAction.php(49): TuristaController->actionCreate()
#9 C:\wamp\www\superbike\yii1\framework\web\CController.php(308): CInlineAction->runWithParams()
#10 C:\wamp\www\superbike\yii1\framework\web\filters\CFilterChain.php(133): TuristaController->runAction()
#11 C:\wamp\www\superbike\yii1\framework\web\filters\CFilter.php(40): CFilterChain->run()
#12 C:\wamp\www\superbike\yii1\framework\web\CController.php(1145): CAccessControlFilter->filter()
#13 C:\wamp\www\superbike\yii1\framework\web\filters\CInlineFilter.php(58): TuristaController->filterAccessControl()
#14 C:\wamp\www\superbike\yii1\framework\web\filters\CFilterChain.php(130): CInlineFilter->filter()
#15 C:\wamp\www\superbike\yii1\framework\web\CController.php(291): CFilterChain->run()
#16 C:\wamp\www\superbike\yii1\framework\web\CController.php(265): TuristaController->runActionWithFilters()
#17 C:\wamp\www\superbike\yii1\framework\web\CWebApplication.php(282): TuristaController->run()
#18 C:\wamp\www\superbike\yii1\framework\web\CWebApplication.php(141): CWebApplication->runController()
#19 C:\wamp\www\superbike\yii1\framework\base\CApplication.php(180): CWebApplication->processRequest()
#20 C:\wamp\www\superbike\index.php(13): CWebApplication->run()
REQUEST_URI=/superbike/index.php?r=turista/create
in C:\wamp\www\superbike\protected\views\turista\_form.php (7)
in C:\wamp\www\superbike\protected\views\turista\_form.php (7)
in C:\wamp\www\superbike\protected\views\turista\create.php (18)
2015/01/31 16:55:31 [error] [php] include(/superbike/protected/views/partials/calendar.php): failed to open stream: No such file or directory (C:\wamp\www\superbike\protected\views\turista\_form.php:7)
Stack trace:
#0 C:\wamp\www\superbike\yii1\framework\web\CBaseController.php(95): TuristaController->renderInternal()
#1 C:\wamp\www\superbike\yii1\framework\web\CController.php(869): TuristaController->renderFile()
#2 C:\wamp\www\superbike\protected\views\turista\create.php(18): TuristaController->renderPartial()
#3 C:\wamp\www\superbike\yii1\framework\web\CBaseController.php(126): require()
#4 C:\wamp\www\superbike\yii1\framework\web\CBaseController.php(95): TuristaController->renderInternal()
#5 C:\wamp\www\superbike\yii1\framework\web\CController.php(869): TuristaController->renderFile()
#6 C:\wamp\www\superbike\yii1\framework\web\CController.php(782): TuristaController->renderPartial()
#7 C:\wamp\www\superbike\protected\controllers\TuristaController.php(79): TuristaController->render()
#8 C:\wamp\www\superbike\yii1\framework\web\actions\CInlineAction.php(49): TuristaController->actionCreate()
#9 C:\wamp\www\superbike\yii1\framework\web\CController.php(308): CInlineAction->runWithParams()
#10 C:\wamp\www\superbike\yii1\framework\web\filters\CFilterChain.php(133): TuristaController->runAction()
#11 C:\wamp\www\superbike\yii1\framework\web\filters\CFilter.php(40): CFilterChain->run()
#12 C:\wamp\www\superbike\yii1\framework\web\CController.php(1145): CAccessControlFilter->filter()
#13 C:\wamp\www\superbike\yii1\framework\web\filters\CInlineFilter.php(58): TuristaController->filterAccessControl()
#14 C:\wamp\www\superbike\yii1\framework\web\filters\CFilterChain.php(130): CInlineFilter->filter()
#15 C:\wamp\www\superbike\yii1\framework\web\CController.php(291): CFilterChain->run()
#16 C:\wamp\www\superbike\yii1\framework\web\CController.php(265): TuristaController->runActionWithFilters()
#17 C:\wamp\www\superbike\yii1\framework\web\CWebApplication.php(282): TuristaController->run()
#18 C:\wamp\www\superbike\yii1\framework\web\CWebApplication.php(141): CWebApplication->runController()
#19 C:\wamp\www\superbike\yii1\framework\base\CApplication.php(180): CWebApplication->processRequest()
#20 C:\wamp\www\superbike\index.php(13): CWebApplication->run()
REQUEST_URI=/superbike/index.php?r=turista/create
in C:\wamp\www\superbike\protected\views\turista\_form.php (7)
in C:\wamp\www\superbike\protected\views\turista\_form.php (7)
in C:\wamp\www\superbike\protected\views\turista\create.php (18)
